============================= test session starts ==============================
platform linux -- Python 3.12.1, pytest-8.3.5, pluggy-1.5.0
rootdir: /workspaces/phStudio
configfile: pytest.ini
plugins: anyio-4.9.0, asyncio-0.26.0, time-machine-2.16.0
asyncio: mode=Mode.STRICT, asyncio_default_fixture_loop_scope=function, asyncio_default_test_loop_scope=function
collected 36 items

backend/tests/test_telegram_notifications.py .                           [  2%]
tests/test_api_endpoints.py .......                                      [ 22%]
tests/test_auth.py ..                                                    [ 27%]
tests/test_booking_data_flow.py .....                                    [ 41%]
tests/test_booking_message.py .....                                      [ 55%]
tests/test_calendar.py ....                                              [ 66%]
tests/test_telegram.py ..                                                [ 72%]
tests/test_telegram_bot.py ..                                            [ 77%]
tests/test_telegram_templates.py ........                                [100%]

======================== 36 passed, 3 warnings in 4.57s ========================
