TN:
SF:frontend/src/components/Calendar/CalendarEventsTable.tsx
FN:20,(anonymous_10)
FN:26,(anonymous_11)
FN:44,(anonymous_12)
FN:49,(anonymous_13)
FN:66,(anonymous_14)
FN:80,(anonymous_15)
FN:113,(anonymous_16)
FN:123,(anonymous_17)
FN:126,(anonymous_18)
FN:128,(anonymous_19)
FN:129,(anonymous_20)
FNF:11
FNH:1
FNDA:18,(anonymous_10)
FNDA:0,(anonymous_11)
FNDA:0,(anonymous_12)
FNDA:0,(anonymous_13)
FNDA:0,(anonymous_14)
FNDA:0,(anonymous_15)
FNDA:0,(anonymous_16)
FNDA:0,(anonymous_17)
FNDA:0,(anonymous_18)
FNDA:0,(anonymous_19)
FNDA:0,(anonymous_20)
DA:1,2
DA:2,2
DA:3,2
DA:14,2
DA:20,2
DA:21,18
DA:22,0
DA:23,0
DA:24,0
DA:26,0
DA:27,0
DA:28,0
DA:29,0
DA:30,0
DA:31,0
DA:32,0
DA:34,0
DA:35,0
DA:37,0
DA:39,0
DA:44,0
DA:45,0
DA:49,0
DA:50,0
DA:51,0
DA:52,0
DA:53,0
DA:54,0
DA:56,0
DA:58,0
DA:60,0
DA:62,0
DA:66,0
DA:67,0
DA:71,0
DA:73,0
DA:80,0
DA:114,0
DA:123,0
DA:126,0
DA:128,0
DA:129,0
DA:141,2
LF:43
LH:7
BRDA:26,0,0,0
BRDA:31,1,0,0
BRDA:53,2,0,0
BRDA:53,2,1,0
BRDA:56,3,0,0
BRDA:56,3,1,0
BRDA:90,4,0,0
BRDA:90,4,1,0
BRDA:103,5,0,0
BRDA:103,5,1,0
BRDA:110,6,0,0
BRDA:110,6,1,0
BRDA:122,7,0,0
BRDA:122,7,1,0
BRDA:125,8,0,0
BRDA:125,8,1,0
BRF:16
BRH:0
end_of_record
TN:
SF:frontend/src/components/Calendar/CalendarLinks.tsx
FN:4,(anonymous_10)
FN:10,(anonymous_11)
FN:17,(anonymous_12)
FN:53,(anonymous_13)
FN:59,(anonymous_14)
FNF:5
FNH:1
FNDA:9,(anonymous_10)
FNDA:0,(anonymous_11)
FNDA:0,(anonymous_12)
FNDA:0,(anonymous_13)
FNDA:0,(anonymous_14)
DA:1,1
DA:2,1
DA:4,1
DA:5,9
DA:6,0
DA:7,0
DA:8,0
DA:10,0
DA:12,0
DA:13,0
DA:14,0
DA:17,0
DA:18,0
DA:19,0
DA:20,0
DA:21,0
DA:22,0
DA:23,0
DA:25,0
DA:26,0
DA:27,0
DA:29,0
DA:31,0
DA:35,0
DA:37,0
DA:41,0
DA:53,0
DA:59,0
DA:84,1
LF:29
LH:5
BRDA:12,0,0,0
BRDA:12,0,1,0
BRDA:13,1,0,0
BRDA:13,1,1,0
BRDA:14,2,0,0
BRDA:14,2,1,0
BRDA:18,3,0,0
BRDA:25,4,0,0
BRDA:25,4,1,0
BRDA:29,5,0,0
BRDA:29,5,1,0
BRDA:35,6,0,0
BRDA:37,7,0,0
BRDA:37,7,1,0
BRDA:44,8,0,0
BRDA:44,8,1,0
BRDA:79,9,0,0
BRDA:79,9,1,0
BRF:18
BRH:0
end_of_record
TN:
SF:frontend/src/components/Calendar/ClientEventsTable.tsx
FN:12,(anonymous_10)
FN:17,(anonymous_11)
FN:18,(anonymous_12)
FN:48,(anonymous_13)
FNF:4
FNH:1
FNDA:5,(anonymous_10)
FNDA:0,(anonymous_11)
FNDA:0,(anonymous_12)
FNDA:0,(anonymous_13)
DA:1,1
DA:2,1
DA:12,1
DA:13,5
DA:14,0
DA:15,0
DA:17,0
DA:18,0
DA:19,0
DA:20,0
DA:21,0
DA:22,0
DA:23,0
DA:25,0
DA:27,0
DA:30,0
DA:33,0
DA:34,0
DA:35,0
DA:37,0
DA:49,0
DA:70,1
LF:22
LH:5
BRDA:33,0,0,0
BRDA:34,1,0,0
BRDA:35,2,0,0
BRF:3
BRH:0
end_of_record
TN:
SF:frontend/src/components/common/LoadingSpinner.tsx
FN:7,LoadingSpinner
FNF:1
FNH:0
FNDA:0,LoadingSpinner
DA:7,2
DA:9,0
DA:15,0
LF:3
LH:1
BRDA:7,0,0,0
BRDA:7,1,0,0
BRDA:7,2,0,0
BRF:3
BRH:0
end_of_record
TN:
SF:frontend/src/pages/BookingPage.tsx
FN:3,(anonymous_1)
FNF:1
FNH:1
FNDA:1,(anonymous_1)
DA:1,1
DA:3,1
DA:4,1
DA:26,1
LF:4
LH:4
BRF:0
BRH:0
end_of_record
